SF:lib/core/util/input_converted.dart
DA:5,1
DA:7,1
DA:8,3
DA:9,1
DA:10,1
DA:11,2
LF:6
LH:6
end_of_record
SF:lib/core/error/failures.dart
DA:5,3
DA:7,1
DA:8,2
DA:13,1
DA:18,1
LF:5
LH:5
end_of_record
SF:lib/core/network/network_info.dart
DA:10,1
DA:12,1
DA:13,2
LF:3
LH:3
end_of_record
SF:lib/features/number_trivia/data/datasources/number_trivia_remote_data_source.dart
DA:24,0
DA:26,0
DA:28,0
DA:30,0
DA:32,0
DA:34,0
DA:35,0
DA:37,0
DA:42,0
DA:43,0
DA:45,0
LF:11
LH:0
end_of_record
SF:lib/features/number_trivia/data/models/number_trivia_model.dart
DA:5,2
DA:8,2
DA:10,0
DA:11,0
DA:12,0
DA:15,1
DA:16,1
DA:17,1
DA:18,1
DA:22,0
LF:10
LH:6
end_of_record
SF:lib/features/number_trivia/domain/entities/number_trivia.dart
DA:8,5
DA:10,1
DA:11,3
LF:3
LH:3
end_of_record
SF:lib/features/number_trivia/data/datasources/number_trivia_local_data_source.dart
DA:24,0
DA:26,0
DA:28,0
DA:30,0
DA:32,0
DA:36,0
DA:38,0
DA:39,0
LF:8
LH:0
end_of_record
SF:lib/features/number_trivia/data/repositories/number_trivia_repository_impl.dart
DA:19,1
DA:25,1
DA:27,3
DA:28,2
DA:33,1
DA:34,2
DA:35,2
DA:39,1
DA:41,3
DA:43,2
DA:44,2
DA:45,1
DA:46,1
DA:47,2
DA:51,3
DA:52,1
DA:53,1
DA:54,2
LF:18
LH:18
end_of_record
SF:lib/features/number_trivia/domain/usecases/get_concrete_number_trivia.dart
DA:13,1
DA:16,1
DA:17,4
DA:24,2
DA:26,1
DA:27,2
LF:6
LH:6
end_of_record
SF:lib/core/usecases/usecase.dart
DA:10,1
LF:1
LH:1
end_of_record
SF:lib/features/number_trivia/domain/usecases/get_random_number_trivia.dart
DA:11,1
DA:14,1
DA:15,3
LF:3
LH:3
end_of_record
SF:lib/features/number_trivia/presentation/bloc/number_trivia_event.dart
DA:4,1
DA:10,1
DA:12,0
DA:13,0
DA:17,0
LF:5
LH:2
end_of_record
SF:lib/features/number_trivia/presentation/bloc/number_trivia_state.dart
DA:4,1
DA:8,1
DA:9,1
DA:13,1
DA:14,1
DA:20,1
DA:22,1
DA:23,2
DA:29,1
DA:31,1
DA:32,2
LF:11
LH:11
end_of_record
SF:lib/features/number_trivia/presentation/bloc/number_trivia_bloc.dart
DA:27,1
DA:31,0
DA:32,0
DA:33,0
DA:37,1
DA:38,1
DA:41,1
DA:44,1
DA:46,3
DA:48,3
DA:49,2
DA:50,1
DA:51,2
DA:53,3
DA:54,2
DA:56,1
DA:57,2
DA:58,3
DA:59,2
DA:63,1
DA:66,2
DA:67,3
DA:68,2
DA:71,1
DA:72,1
DA:73,1
DA:75,1
LF:27
LH:24
end_of_record
